<?xml version="1.0" encoding="UTF-8"?>
<!-- Generated by org.testng.reporters.JUnitReportReporter -->
<testsuite hostname="DESKTOP-3VBC1EL" failures="0" tests="2" name="TestCases.VerifyLoginPage" time="17.696" errors="0" timestamp="2023-01-03T20:57:40 IST" skipped="0">
  <testcase classname="TestCases.VerifyLoginPage" name="launchBrowser" time="9.417"/>
  <system-out/>
  <testcase classname="TestCases.VerifyLoginPage" name="launchBrowser" time="8.279"/>
  <system-out/>
</testsuite> <!-- TestCases.VerifyLoginPage -->
